<?xml version="1.0" encoding="UTF-8"?>
<!-- Generated by org.testng.reporters.JUnitReportReporter -->
<testsuite hostname="DESKTOP-FQLSSQR" failures="0" tests="1" name="rahulshettyacademy.Test.ErrorValidations" time="8.389" errors="0" timestamp="2025-08-05T19:47:04 SAST" skipped="0">
  <testcase classname="rahulshettyacademy.Test.ErrorValidations" name="submitOrder" time="8.389"/>
</testsuite> <!-- rahulshettyacademy.Test.ErrorValidations -->
