<?xml version="1.0" encoding="UTF-8"?>
<!-- Generated by org.testng.reporters.JUnitReportReporter -->
<testsuite hostname="DESKTOP-FQLSSQR" failures="0" tests="4" name="rahulshettyacademy.Test.SubmitOrderTest" time="39.284" errors="0" timestamp="2025-08-10T11:00:30 SAST" skipped="0">
  <testcase classname="rahulshettyacademy.Test.SubmitOrderTest" name="submitOrder" time="10.717"/>
  <testcase classname="rahulshettyacademy.Test.SubmitOrderTest" name="submitOrder" time="11.601"/>
  <testcase classname="rahulshettyacademy.Test.SubmitOrderTest" name="OrderHistory" time="6.920"/>
  <testcase classname="rahulshettyacademy.Test.SubmitOrderTest" name="OrderHistory" time="10.046"/>
</testsuite> <!-- rahulshettyacademy.Test.SubmitOrderTest -->
